Library/Bee/Android/Prj/Mono2x/Gradle/launcher/build/intermediates/manifest_merge_blame_file/release/manifest-merger-blame-release-report.txt
1<?xml version="1.0" encoding="utf-8"?>
2<manifest xmlns:android="http://schemas.android.com/apk/res/android"
3    package="com.DefaultCompany.GeoCachingUtad"
4    android:installLocation="preferExternal"
5    android:versionCode="1"
6    android:versionName="0.1" >
7
8    <uses-sdk
9        android:minSdkVersion="26"
9-->src\main\AndroidManifest.xml
10        android:targetSdkVersion="30" />
10-->src\main\AndroidManifest.xml
11
12    <supports-screens
12-->src\main\AndroidManifest.xml:3:3-163
13        android:anyDensity="true"
13-->src\main\AndroidManifest.xml:3:135-160
14        android:largeScreens="true"
14-->src\main\AndroidManifest.xml:3:78-105
15        android:normalScreens="true"
15-->src\main\AndroidManifest.xml:3:49-77
16        android:smallScreens="true"
16-->src\main\AndroidManifest.xml:3:21-48
17        android:xlargeScreens="true" />
17-->src\main\AndroidManifest.xml:3:106-134
18
19    <uses-feature android:glEsVersion="0x00030000" />
19-->[:unityLibrary] AndroidManifest.xml:12:5-54
19-->[:unityLibrary] AndroidManifest.xml:12:19-51
20    <uses-feature
20-->[:unityLibrary] AndroidManifest.xml:13:5-15:36
21        android:name="android.hardware.vulkan.version"
21-->[:unityLibrary] AndroidManifest.xml:14:9-55
22        android:required="false" />
22-->[:unityLibrary] AndroidManifest.xml:15:9-33
23
24    <uses-permission android:name="android.permission.INTERNET" />
24-->[:unityLibrary] AndroidManifest.xml:17:5-67
24-->[:unityLibrary] AndroidManifest.xml:17:22-64
25    <uses-permission android:name="android.permission.ACCESS_NETWORK_STATE" />
25-->[:unityLibrary] AndroidManifest.xml:18:5-79
25-->[:unityLibrary] AndroidManifest.xml:18:22-76
26    <uses-permission android:name="android.permission.ACCESS_FINE_LOCATION" />
26-->[:unityLibrary] AndroidManifest.xml:19:5-79
26-->[:unityLibrary] AndroidManifest.xml:19:22-76
27
28    <uses-feature
28-->[:unityLibrary] AndroidManifest.xml:21:5-23:36
29        android:name="android.hardware.location.gps"
29-->[:unityLibrary] AndroidManifest.xml:22:9-53
30        android:required="true" />
30-->[:unityLibrary] AndroidManifest.xml:23:9-33
31    <uses-feature
31-->[:unityLibrary] AndroidManifest.xml:24:5-26:36
32        android:name="android.hardware.location"
32-->[:unityLibrary] AndroidManifest.xml:25:9-49
33        android:required="false" />
33-->[:unityLibrary] AndroidManifest.xml:26:9-33
34
35    <uses-permission android:name="android.permission.CAMERA" />
35-->[:unityLibrary] AndroidManifest.xml:28:5-65
35-->[:unityLibrary] AndroidManifest.xml:28:22-62
36
37    <uses-feature
37-->[:unityLibrary] AndroidManifest.xml:30:5-32:36
38        android:name="android.hardware.camera"
38-->[:unityLibrary] AndroidManifest.xml:31:9-47
39        android:required="false" />
39-->[:unityLibrary] AndroidManifest.xml:32:9-33
40    <uses-feature
40-->[:unityLibrary] AndroidManifest.xml:33:5-35:36
41        android:name="android.hardware.camera.autofocus"
41-->[:unityLibrary] AndroidManifest.xml:34:9-57
42        android:required="false" />
42-->[:unityLibrary] AndroidManifest.xml:35:9-33
43    <uses-feature
43-->[:unityLibrary] AndroidManifest.xml:36:5-38:36
44        android:name="android.hardware.camera.front"
44-->[:unityLibrary] AndroidManifest.xml:37:9-53
45        android:required="false" />
45-->[:unityLibrary] AndroidManifest.xml:38:9-33
46    <uses-feature
46-->[:unityLibrary] AndroidManifest.xml:39:5-41:36
47        android:name="android.hardware.touchscreen"
47-->[:unityLibrary] AndroidManifest.xml:40:9-52
48        android:required="false" />
48-->[:unityLibrary] AndroidManifest.xml:41:9-33
49    <uses-feature
49-->[:unityLibrary] AndroidManifest.xml:42:5-44:36
50        android:name="android.hardware.touchscreen.multitouch"
50-->[:unityLibrary] AndroidManifest.xml:43:9-63
51        android:required="false" />
51-->[:unityLibrary] AndroidManifest.xml:44:9-33
52    <uses-feature
52-->[:unityLibrary] AndroidManifest.xml:45:5-47:36
53        android:name="android.hardware.touchscreen.multitouch.distinct"
53-->[:unityLibrary] AndroidManifest.xml:46:9-72
54        android:required="false" />
54-->[:unityLibrary] AndroidManifest.xml:47:9-33
55
56    <uses-permission android:name="android.permission.ACCESS_COARSE_LOCATION" /> <!-- Required for CrashReporterJobIntentService on API levels below 25 -->
56-->[:com.mapbox.android.unity-debug:] AndroidManifest.xml:12:5-81
56-->[:com.mapbox.android.unity-debug:] AndroidManifest.xml:12:22-78
57    <uses-permission android:name="android.permission.WAKE_LOCK" />
57-->[:libtelemetry-full-release:] AndroidManifest.xml:12:5-68
57-->[:libtelemetry-full-release:] AndroidManifest.xml:12:22-65
58    <uses-permission android:name="android.permission.ACCESS_WIFI_STATE" />
58-->[:libtelemetry-full-release:] AndroidManifest.xml:15:5-76
58-->[:libtelemetry-full-release:] AndroidManifest.xml:15:22-73
59
60    <application
60-->src\main\AndroidManifest.xml:4:3-83
61        android:extractNativeLibs="true"
61-->[:unityLibrary] AndroidManifest.xml:49:18-50
62        android:icon="@mipmap/app_icon"
62-->src\main\AndroidManifest.xml:4:49-80
63        android:label="@string/app_name" >
63-->src\main\AndroidManifest.xml:4:16-48
64        <activity
64-->[:unityLibrary] AndroidManifest.xml:50:9-70:20
65            android:name="com.unity3d.player.UnityPlayerActivity"
65-->[:unityLibrary] AndroidManifest.xml:51:13-66
66            android:configChanges="mcc|mnc|locale|touchscreen|keyboard|keyboardHidden|navigation|orientation|screenLayout|uiMode|screenSize|smallestScreenSize|fontScale|layoutDirection|density"
66-->[:unityLibrary] AndroidManifest.xml:52:13-194
67            android:hardwareAccelerated="false"
67-->[:unityLibrary] AndroidManifest.xml:53:13-48
68            android:launchMode="singleTask"
68-->[:unityLibrary] AndroidManifest.xml:54:13-44
69            android:resizeableActivity="false"
69-->[:unityLibrary] AndroidManifest.xml:55:13-47
70            android:screenOrientation="portrait"
70-->[:unityLibrary] AndroidManifest.xml:56:13-49
71            android:theme="@style/UnityThemeSelector" >
71-->[:unityLibrary] AndroidManifest.xml:57:13-54
72            <intent-filter>
72-->[:unityLibrary] AndroidManifest.xml:58:13-62:29
73                <action android:name="android.intent.action.MAIN" />
73-->[:unityLibrary] AndroidManifest.xml:59:17-69
73-->[:unityLibrary] AndroidManifest.xml:59:25-66
74
75                <category android:name="android.intent.category.LAUNCHER" />
75-->[:unityLibrary] AndroidManifest.xml:61:17-77
75-->[:unityLibrary] AndroidManifest.xml:61:27-74
76            </intent-filter>
77
78            <meta-data
78-->[:unityLibrary] AndroidManifest.xml:64:13-66:40
79                android:name="unityplayer.UnityActivity"
79-->[:unityLibrary] AndroidManifest.xml:65:17-57
80                android:value="true" />
80-->[:unityLibrary] AndroidManifest.xml:66:17-37
81            <meta-data
81-->[:unityLibrary] AndroidManifest.xml:67:13-69:40
82                android:name="android.notch_support"
82-->[:unityLibrary] AndroidManifest.xml:68:17-53
83                android:value="true" />
83-->[:unityLibrary] AndroidManifest.xml:69:17-37
84        </activity>
85
86        <meta-data
86-->[:unityLibrary] AndroidManifest.xml:72:9-74:33
87            android:name="unity.splash-mode"
87-->[:unityLibrary] AndroidManifest.xml:73:13-45
88            android:value="0" />
88-->[:unityLibrary] AndroidManifest.xml:74:13-30
89        <meta-data
89-->[:unityLibrary] AndroidManifest.xml:75:9-77:36
90            android:name="unity.splash-enable"
90-->[:unityLibrary] AndroidManifest.xml:76:13-47
91            android:value="True" />
91-->[:unityLibrary] AndroidManifest.xml:77:13-33
92        <meta-data
92-->[:unityLibrary] AndroidManifest.xml:78:9-80:36
93            android:name="unity.launch-fullscreen"
93-->[:unityLibrary] AndroidManifest.xml:79:13-51
94            android:value="True" />
94-->[:unityLibrary] AndroidManifest.xml:80:13-33
95        <meta-data
95-->[:unityLibrary] AndroidManifest.xml:81:9-83:37
96            android:name="unity.allow-resizable-window"
96-->[:unityLibrary] AndroidManifest.xml:82:13-56
97            android:value="False" />
97-->[:unityLibrary] AndroidManifest.xml:83:13-34
98        <meta-data
98-->[:unityLibrary] AndroidManifest.xml:84:9-86:50
99            android:name="notch.config"
99-->[:unityLibrary] AndroidManifest.xml:85:13-40
100            android:value="portrait|landscape" />
100-->[:unityLibrary] AndroidManifest.xml:86:13-47
101
102        <provider
102-->[:libtelemetry-full-release:] AndroidManifest.xml:19:9-23:39
103            android:name="com.mapbox.android.telemetry.provider.MapboxTelemetryInitProvider"
103-->[:libtelemetry-full-release:] AndroidManifest.xml:20:13-93
104            android:authorities="com.DefaultCompany.GeoCachingUtad.mapboxtelemetryinitprovider"
104-->[:libtelemetry-full-release:] AndroidManifest.xml:21:13-79
105            android:exported="false"
105-->[:libtelemetry-full-release:] AndroidManifest.xml:22:13-37
106            android:initOrder="100" />
106-->[:libtelemetry-full-release:] AndroidManifest.xml:23:13-36
107
108        <service
108-->[:libtelemetry-full-release:] AndroidManifest.xml:25:9-27:72
109            android:name="com.mapbox.android.telemetry.crash.CrashReporterJobIntentService"
109-->[:libtelemetry-full-release:] AndroidManifest.xml:26:13-92
110            android:permission="android.permission.BIND_JOB_SERVICE" />
110-->[:libtelemetry-full-release:] AndroidManifest.xml:27:13-69
111    </application>
112
113</manifest>